[debug] [2022-11-10T10:55:24.544Z] ----------------------------------------------------------------------
[debug] [2022-11-10T10:55:24.546Z] Command:       /opt/nodejs/bin/node /opt/nodejs/bin/firebase deploy
[debug] [2022-11-10T10:55:24.547Z] CLI Version:   11.16.0
[debug] [2022-11-10T10:55:24.547Z] Platform:      linux
[debug] [2022-11-10T10:55:24.547Z] Node Version:  v18.12.0
[debug] [2022-11-10T10:55:24.548Z] Time:          Thu Nov 10 2022 16:55:24 GMT+0600 (Bangladesh Standard Time)
[debug] [2022-11-10T10:55:24.548Z] ----------------------------------------------------------------------
[debug] 
[debug] [2022-11-10T10:55:24.551Z] >>> [apiv2][query] GET https://firebase-public.firebaseio.com/cli.json [none]
[debug] [2022-11-10T10:55:24.694Z] > command requires scopes: ["email","openid","https://www.googleapis.com/auth/cloudplatformprojects.readonly","https://www.googleapis.com/auth/firebase","https://www.googleapis.com/auth/cloud-platform"]
[debug] [2022-11-10T10:55:24.694Z] > authorizing via signed-in user (themorshedctg@gmail.com)
[debug] [2022-11-10T10:55:24.695Z] [iam] checking project psychology-70025 for permissions ["firebase.projects.get","firebasehosting.sites.update"]
[debug] [2022-11-10T10:55:24.696Z] > refreshing access token with scopes: []
[debug] [2022-11-10T10:55:24.697Z] >>> [apiv2][query] POST https://www.googleapis.com/oauth2/v3/token [none]
[debug] [2022-11-10T10:55:24.697Z] >>> [apiv2][body] POST https://www.googleapis.com/oauth2/v3/token [omitted]
[debug] [2022-11-10T10:55:25.076Z] <<< [apiv2][status] POST https://www.googleapis.com/oauth2/v3/token 200
[debug] [2022-11-10T10:55:25.077Z] <<< [apiv2][body] POST https://www.googleapis.com/oauth2/v3/token [omitted]
[debug] [2022-11-10T10:55:25.090Z] >>> [apiv2][query] POST https://cloudresourcemanager.googleapis.com/v1/projects/psychology-70025:testIamPermissions [none]
[debug] [2022-11-10T10:55:25.090Z] >>> [apiv2][(partial)header] POST https://cloudresourcemanager.googleapis.com/v1/projects/psychology-70025:testIamPermissions x-goog-quota-user=projects/psychology-70025
[debug] [2022-11-10T10:55:25.091Z] >>> [apiv2][body] POST https://cloudresourcemanager.googleapis.com/v1/projects/psychology-70025:testIamPermissions {"permissions":["firebase.projects.get","firebasehosting.sites.update"]}
[debug] [2022-11-10T10:55:26.575Z] <<< [apiv2][status] GET https://firebase-public.firebaseio.com/cli.json 200
[debug] [2022-11-10T10:55:26.575Z] <<< [apiv2][body] GET https://firebase-public.firebaseio.com/cli.json {"cloudBuildErrorAfter":1594252800000,"cloudBuildWarnAfter":1590019200000,"defaultNode10After":1594252800000,"minVersion":"3.0.5","node8DeploysDisabledAfter":1613390400000,"node8RuntimeDisabledAfter":1615809600000,"node8WarnAfter":1600128000000}
[debug] [2022-11-10T10:55:31.888Z] <<< [apiv2][status] POST https://cloudresourcemanager.googleapis.com/v1/projects/psychology-70025:testIamPermissions 200
[debug] [2022-11-10T10:55:31.888Z] <<< [apiv2][body] POST https://cloudresourcemanager.googleapis.com/v1/projects/psychology-70025:testIamPermissions {"permissions":["firebase.projects.get","firebasehosting.sites.update"]}
[debug] [2022-11-10T10:55:31.890Z] >>> [apiv2][query] GET https://firebase.googleapis.com/v1beta1/projects/psychology-70025 [none]
[debug] [2022-11-10T10:55:32.839Z] <<< [apiv2][status] GET https://firebase.googleapis.com/v1beta1/projects/psychology-70025 200
[debug] [2022-11-10T10:55:32.839Z] <<< [apiv2][body] GET https://firebase.googleapis.com/v1beta1/projects/psychology-70025 {"projectId":"psychology-70025","projectNumber":"822251420819","displayName":"psychology","name":"projects/psychology-70025","resources":{"hostingSite":"psychology-70025"},"state":"ACTIVE","etag":"1_842e7480-d6f4-46bf-a2e8-9689f4aa2a42"}
[info] 
[info] === Deploying to 'psychology-70025'...
[info] 
[info] i  deploying hosting 
[debug] [2022-11-10T10:55:32.850Z] >>> [apiv2][query] POST https://firebasehosting.googleapis.com/v1beta1/projects/-/sites/psychology-70025/versions [none]
[debug] [2022-11-10T10:55:32.851Z] >>> [apiv2][body] POST https://firebasehosting.googleapis.com/v1beta1/projects/-/sites/psychology-70025/versions {"status":"CREATED","labels":{"deployment-tool":"cli-firebase"}}
